INFO - 2024-10-30 02:45:39 --> Session: Class initialized using 'CodeIgniter\Session\Handlers\FileHandler' driver.
INFO - 2024-10-30 02:45:42 --> Session: Class initialized using 'CodeIgniter\Session\Handlers\FileHandler' driver.
INFO - 2024-10-30 02:45:42 --> Session: Class initialized using 'CodeIgniter\Session\Handlers\FileHandler' driver.
INFO - 2024-10-30 02:45:45 --> Session: Class initialized using 'CodeIgniter\Session\Handlers\FileHandler' driver.
INFO - 2024-10-30 02:45:46 --> Session: Class initialized using 'CodeIgniter\Session\Handlers\FileHandler' driver.
INFO - 2024-10-30 02:45:48 --> Session: Class initialized using 'CodeIgniter\Session\Handlers\FileHandler' driver.
INFO - 2024-10-30 02:45:57 --> Session: Class initialized using 'CodeIgniter\Session\Handlers\FileHandler' driver.
INFO - 2024-10-30 02:46:35 --> Session: Class initialized using 'CodeIgniter\Session\Handlers\FileHandler' driver.
INFO - 2024-10-30 02:51:57 --> Session: Class initialized using 'CodeIgniter\Session\Handlers\FileHandler' driver.
INFO - 2024-10-30 02:52:27 --> Session: Class initialized using 'CodeIgniter\Session\Handlers\FileHandler' driver.
INFO - 2024-10-30 02:54:01 --> Session: Class initialized using 'CodeIgniter\Session\Handlers\FileHandler' driver.
INFO - 2024-10-30 02:54:06 --> Session: Class initialized using 'CodeIgniter\Session\Handlers\FileHandler' driver.
INFO - 2024-10-30 02:54:07 --> Session: Class initialized using 'CodeIgniter\Session\Handlers\FileHandler' driver.
INFO - 2024-10-30 02:54:12 --> Session: Class initialized using 'CodeIgniter\Session\Handlers\FileHandler' driver.
INFO - 2024-10-30 02:54:13 --> Session: Class initialized using 'CodeIgniter\Session\Handlers\FileHandler' driver.
INFO - 2024-10-30 02:54:16 --> Session: Class initialized using 'CodeIgniter\Session\Handlers\FileHandler' driver.
INFO - 2024-10-30 02:54:16 --> Session: Class initialized using 'CodeIgniter\Session\Handlers\FileHandler' driver.
INFO - 2024-10-30 02:54:19 --> Session: Class initialized using 'CodeIgniter\Session\Handlers\FileHandler' driver.
INFO - 2024-10-30 02:54:22 --> Session: Class initialized using 'CodeIgniter\Session\Handlers\FileHandler' driver.
INFO - 2024-10-30 02:54:22 --> Session: Class initialized using 'CodeIgniter\Session\Handlers\FileHandler' driver.
INFO - 2024-10-30 03:08:53 --> Session: Class initialized using 'CodeIgniter\Session\Handlers\FileHandler' driver.
INFO - 2024-10-30 03:08:53 --> Session: Class initialized using 'CodeIgniter\Session\Handlers\FileHandler' driver.
INFO - 2024-10-30 03:08:54 --> Session: Class initialized using 'CodeIgniter\Session\Handlers\FileHandler' driver.
INFO - 2024-10-30 03:11:04 --> Session: Class initialized using 'CodeIgniter\Session\Handlers\FileHandler' driver.
INFO - 2024-10-30 03:11:45 --> Session: Class initialized using 'CodeIgniter\Session\Handlers\FileHandler' driver.
INFO - 2024-10-30 03:12:28 --> Session: Class initialized using 'CodeIgniter\Session\Handlers\FileHandler' driver.
INFO - 2024-10-30 03:12:31 --> Session: Class initialized using 'CodeIgniter\Session\Handlers\FileHandler' driver.
CRITICAL - 2024-10-30 03:12:31 --> ArgumentCountError: Too few arguments to function App\Controllers\Home::deleteProduct(), 0 passed in C:\xampp\htdocs\codeigniter4\system\CodeIgniter.php on line 933 and exactly 1 expected
[Method: DELETE, Route: product/1]
in APPPATH\Controllers\Home.php on line 70.
 1 SYSTEMPATH\CodeIgniter.php(933): App\Controllers\Home->deleteProduct()
 2 SYSTEMPATH\CodeIgniter.php(509): CodeIgniter\CodeIgniter->runController(Object(App\Controllers\Home))
 3 SYSTEMPATH\CodeIgniter.php(355): CodeIgniter\CodeIgniter->handleRequest(null, Object(Config\Cache), false)
 4 SYSTEMPATH\Boot.php(325): CodeIgniter\CodeIgniter->run()
 5 SYSTEMPATH\Boot.php(67): CodeIgniter\Boot::runCodeIgniter(Object(CodeIgniter\CodeIgniter))
 6 FCPATH\index.php(56): CodeIgniter\Boot::bootWeb(Object(Config\Paths))
 7 SYSTEMPATH\rewrite.php(44): require_once('C:\\xampp\\htdocs\\codeigniter4\\public\\index.php')
INFO - 2024-10-30 03:13:05 --> Session: Class initialized using 'CodeIgniter\Session\Handlers\FileHandler' driver.
INFO - 2024-10-30 03:13:07 --> Session: Class initialized using 'CodeIgniter\Session\Handlers\FileHandler' driver.
INFO - 2024-10-30 03:13:07 --> Session: Class initialized using 'CodeIgniter\Session\Handlers\FileHandler' driver.
INFO - 2024-10-30 03:14:38 --> Session: Class initialized using 'CodeIgniter\Session\Handlers\FileHandler' driver.
INFO - 2024-10-30 03:14:39 --> Session: Class initialized using 'CodeIgniter\Session\Handlers\FileHandler' driver.
INFO - 2024-10-30 03:14:40 --> Session: Class initialized using 'CodeIgniter\Session\Handlers\FileHandler' driver.
CRITICAL - 2024-10-30 03:14:40 --> TypeError: view(): Argument #2 ($data) must be of type array, null given, called in C:\xampp\htdocs\codeigniter4\app\Controllers\Home.php on line 68
[Method: GET, Route: product/0]
in SYSTEMPATH\Common.php on line 1159.
 1 APPPATH\Controllers\Home.php(68): view('productDetail', null)
 2 SYSTEMPATH\CodeIgniter.php(933): App\Controllers\Home->productById('0')
 3 SYSTEMPATH\CodeIgniter.php(509): CodeIgniter\CodeIgniter->runController(Object(App\Controllers\Home))
 4 SYSTEMPATH\CodeIgniter.php(355): CodeIgniter\CodeIgniter->handleRequest(null, Object(Config\Cache), false)
 5 SYSTEMPATH\Boot.php(325): CodeIgniter\CodeIgniter->run()
 6 SYSTEMPATH\Boot.php(67): CodeIgniter\Boot::runCodeIgniter(Object(CodeIgniter\CodeIgniter))
 7 FCPATH\index.php(56): CodeIgniter\Boot::bootWeb(Object(Config\Paths))
 8 SYSTEMPATH\rewrite.php(44): require_once('C:\\xampp\\htdocs\\codeigniter4\\public\\index.php')
INFO - 2024-10-30 03:15:53 --> Session: Class initialized using 'CodeIgniter\Session\Handlers\FileHandler' driver.
INFO - 2024-10-30 03:15:54 --> Session: Class initialized using 'CodeIgniter\Session\Handlers\FileHandler' driver.
INFO - 2024-10-30 03:15:55 --> Session: Class initialized using 'CodeIgniter\Session\Handlers\FileHandler' driver.
INFO - 2024-10-30 03:15:56 --> Session: Class initialized using 'CodeIgniter\Session\Handlers\FileHandler' driver.
INFO - 2024-10-30 03:16:00 --> Session: Class initialized using 'CodeIgniter\Session\Handlers\FileHandler' driver.
INFO - 2024-10-30 03:16:11 --> Session: Class initialized using 'CodeIgniter\Session\Handlers\FileHandler' driver.
INFO - 2024-10-30 03:16:15 --> Session: Class initialized using 'CodeIgniter\Session\Handlers\FileHandler' driver.
INFO - 2024-10-30 03:16:16 --> Session: Class initialized using 'CodeIgniter\Session\Handlers\FileHandler' driver.
INFO - 2024-10-30 03:16:17 --> Session: Class initialized using 'CodeIgniter\Session\Handlers\FileHandler' driver.
INFO - 2024-10-30 03:16:17 --> Session: Class initialized using 'CodeIgniter\Session\Handlers\FileHandler' driver.
INFO - 2024-10-30 03:16:18 --> Session: Class initialized using 'CodeIgniter\Session\Handlers\FileHandler' driver.
INFO - 2024-10-30 03:57:57 --> Session: Class initialized using 'CodeIgniter\Session\Handlers\FileHandler' driver.
INFO - 2024-10-30 03:58:24 --> Session: Class initialized using 'CodeIgniter\Session\Handlers\FileHandler' driver.
CRITICAL - 2024-10-30 03:58:24 --> ErrorException: Undefined variable $id
[Method: GET, Route: create/product]
in APPPATH\Views\productDetail.php on line 233.
 1 APPPATH\Views\productDetail.php(233): CodeIgniter\Debug\Exceptions->errorHandler(2, 'Undefined variable $id', 'C:\\xampp\\htdocs\\codeigniter4\\app\\Views\\productDetail.php', 233)
 2 SYSTEMPATH\View\View.php(234): include('C:\\xampp\\htdocs\\codeigniter4\\app\\Views\\productDetail.php')
 3 SYSTEMPATH\View\View.php(237): CodeIgniter\View\View->CodeIgniter\View\{closure}()
 4 SYSTEMPATH\Common.php(1171): CodeIgniter\View\View->render('productDetail', [], true)
 5 APPPATH\Controllers\Home.php(72): view('productDetail')
 6 SYSTEMPATH\CodeIgniter.php(933): App\Controllers\Home->createproduct()
 7 SYSTEMPATH\CodeIgniter.php(509): CodeIgniter\CodeIgniter->runController(Object(App\Controllers\Home))
 8 SYSTEMPATH\CodeIgniter.php(355): CodeIgniter\CodeIgniter->handleRequest(null, Object(Config\Cache), false)
 9 SYSTEMPATH\Boot.php(325): CodeIgniter\CodeIgniter->run()
10 SYSTEMPATH\Boot.php(67): CodeIgniter\Boot::runCodeIgniter(Object(CodeIgniter\CodeIgniter))
11 FCPATH\index.php(56): CodeIgniter\Boot::bootWeb(Object(Config\Paths))
12 SYSTEMPATH\rewrite.php(44): require_once('C:\\xampp\\htdocs\\codeigniter4\\public\\index.php')
INFO - 2024-10-30 03:58:57 --> Session: Class initialized using 'CodeIgniter\Session\Handlers\FileHandler' driver.
CRITICAL - 2024-10-30 03:58:57 --> ErrorException: Undefined variable $id
[Method: GET, Route: create/product]
in APPPATH\Views\productDetail.php on line 233.
 1 APPPATH\Views\productDetail.php(233): CodeIgniter\Debug\Exceptions->errorHandler(2, 'Undefined variable $id', 'C:\\xampp\\htdocs\\codeigniter4\\app\\Views\\productDetail.php', 233)
 2 SYSTEMPATH\View\View.php(234): include('C:\\xampp\\htdocs\\codeigniter4\\app\\Views\\productDetail.php')
 3 SYSTEMPATH\View\View.php(237): CodeIgniter\View\View->CodeIgniter\View\{closure}()
 4 SYSTEMPATH\Common.php(1171): CodeIgniter\View\View->render('productDetail', [], true)
 5 APPPATH\Controllers\Home.php(72): view('productDetail')
 6 SYSTEMPATH\CodeIgniter.php(933): App\Controllers\Home->createproduct()
 7 SYSTEMPATH\CodeIgniter.php(509): CodeIgniter\CodeIgniter->runController(Object(App\Controllers\Home))
 8 SYSTEMPATH\CodeIgniter.php(355): CodeIgniter\CodeIgniter->handleRequest(null, Object(Config\Cache), false)
 9 SYSTEMPATH\Boot.php(325): CodeIgniter\CodeIgniter->run()
10 SYSTEMPATH\Boot.php(67): CodeIgniter\Boot::runCodeIgniter(Object(CodeIgniter\CodeIgniter))
11 FCPATH\index.php(56): CodeIgniter\Boot::bootWeb(Object(Config\Paths))
12 SYSTEMPATH\rewrite.php(44): require_once('C:\\xampp\\htdocs\\codeigniter4\\public\\index.php')
INFO - 2024-10-30 03:59:07 --> Session: Class initialized using 'CodeIgniter\Session\Handlers\FileHandler' driver.
INFO - 2024-10-30 04:00:07 --> Session: Class initialized using 'CodeIgniter\Session\Handlers\FileHandler' driver.
CRITICAL - 2024-10-30 04:00:07 --> TypeError: view(): Argument #2 ($data) must be of type array, null given, called in C:\xampp\htdocs\codeigniter4\app\Controllers\Home.php on line 87
[Method: POST, Route: create/product]
in SYSTEMPATH\Common.php on line 1159.
 1 APPPATH\Controllers\Home.php(87): view('productDetail', null)
 2 SYSTEMPATH\CodeIgniter.php(933): App\Controllers\Home->createproductPost()
 3 SYSTEMPATH\CodeIgniter.php(509): CodeIgniter\CodeIgniter->runController(Object(App\Controllers\Home))
 4 SYSTEMPATH\CodeIgniter.php(355): CodeIgniter\CodeIgniter->handleRequest(null, Object(Config\Cache), false)
 5 SYSTEMPATH\Boot.php(325): CodeIgniter\CodeIgniter->run()
 6 SYSTEMPATH\Boot.php(67): CodeIgniter\Boot::runCodeIgniter(Object(CodeIgniter\CodeIgniter))
 7 FCPATH\index.php(56): CodeIgniter\Boot::bootWeb(Object(Config\Paths))
 8 SYSTEMPATH\rewrite.php(44): require_once('C:\\xampp\\htdocs\\codeigniter4\\public\\index.php')
INFO - 2024-10-30 04:02:52 --> Session: Class initialized using 'CodeIgniter\Session\Handlers\FileHandler' driver.
CRITICAL - 2024-10-30 04:02:52 --> TypeError: view(): Argument #2 ($data) must be of type array, null given, called in C:\xampp\htdocs\codeigniter4\app\Controllers\Home.php on line 91
[Method: POST, Route: create/product]
in SYSTEMPATH\Common.php on line 1159.
 1 APPPATH\Controllers\Home.php(91): view('productDetail', null)
 2 SYSTEMPATH\CodeIgniter.php(933): App\Controllers\Home->createproductPost()
 3 SYSTEMPATH\CodeIgniter.php(509): CodeIgniter\CodeIgniter->runController(Object(App\Controllers\Home))
 4 SYSTEMPATH\CodeIgniter.php(355): CodeIgniter\CodeIgniter->handleRequest(null, Object(Config\Cache), false)
 5 SYSTEMPATH\Boot.php(325): CodeIgniter\CodeIgniter->run()
 6 SYSTEMPATH\Boot.php(67): CodeIgniter\Boot::runCodeIgniter(Object(CodeIgniter\CodeIgniter))
 7 FCPATH\index.php(56): CodeIgniter\Boot::bootWeb(Object(Config\Paths))
 8 SYSTEMPATH\rewrite.php(44): require_once('C:\\xampp\\htdocs\\codeigniter4\\public\\index.php')
INFO - 2024-10-30 04:03:17 --> Session: Class initialized using 'CodeIgniter\Session\Handlers\FileHandler' driver.
CRITICAL - 2024-10-30 04:03:17 --> TypeError: view(): Argument #2 ($data) must be of type array, null given, called in C:\xampp\htdocs\codeigniter4\app\Controllers\Home.php on line 91
[Method: POST, Route: create/product]
in SYSTEMPATH\Common.php on line 1159.
 1 APPPATH\Controllers\Home.php(91): view('productDetail', null)
 2 SYSTEMPATH\CodeIgniter.php(933): App\Controllers\Home->createproductPost()
 3 SYSTEMPATH\CodeIgniter.php(509): CodeIgniter\CodeIgniter->runController(Object(App\Controllers\Home))
 4 SYSTEMPATH\CodeIgniter.php(355): CodeIgniter\CodeIgniter->handleRequest(null, Object(Config\Cache), false)
 5 SYSTEMPATH\Boot.php(325): CodeIgniter\CodeIgniter->run()
 6 SYSTEMPATH\Boot.php(67): CodeIgniter\Boot::runCodeIgniter(Object(CodeIgniter\CodeIgniter))
 7 FCPATH\index.php(56): CodeIgniter\Boot::bootWeb(Object(Config\Paths))
 8 SYSTEMPATH\rewrite.php(44): require_once('C:\\xampp\\htdocs\\codeigniter4\\public\\index.php')
INFO - 2024-10-30 04:03:58 --> Session: Class initialized using 'CodeIgniter\Session\Handlers\FileHandler' driver.
INFO - 2024-10-30 04:04:03 --> Session: Class initialized using 'CodeIgniter\Session\Handlers\FileHandler' driver.
INFO - 2024-10-30 04:04:42 --> Session: Class initialized using 'CodeIgniter\Session\Handlers\FileHandler' driver.
INFO - 2024-10-30 04:04:42 --> Session: Class initialized using 'CodeIgniter\Session\Handlers\FileHandler' driver.
INFO - 2024-10-30 04:04:42 --> Session: Class initialized using 'CodeIgniter\Session\Handlers\FileHandler' driver.
INFO - 2024-10-30 04:04:44 --> Session: Class initialized using 'CodeIgniter\Session\Handlers\FileHandler' driver.
INFO - 2024-10-30 04:04:47 --> Session: Class initialized using 'CodeIgniter\Session\Handlers\FileHandler' driver.
INFO - 2024-10-30 04:08:23 --> Session: Class initialized using 'CodeIgniter\Session\Handlers\FileHandler' driver.
INFO - 2024-10-30 04:08:43 --> Session: Class initialized using 'CodeIgniter\Session\Handlers\FileHandler' driver.
INFO - 2024-10-30 04:08:44 --> Session: Class initialized using 'CodeIgniter\Session\Handlers\FileHandler' driver.
INFO - 2024-10-30 04:08:45 --> Session: Class initialized using 'CodeIgniter\Session\Handlers\FileHandler' driver.
INFO - 2024-10-30 04:09:17 --> Session: Class initialized using 'CodeIgniter\Session\Handlers\FileHandler' driver.
INFO - 2024-10-30 04:10:53 --> Session: Class initialized using 'CodeIgniter\Session\Handlers\FileHandler' driver.
INFO - 2024-10-30 04:11:16 --> Session: Class initialized using 'CodeIgniter\Session\Handlers\FileHandler' driver.
INFO - 2024-10-30 04:11:16 --> Session: Class initialized using 'CodeIgniter\Session\Handlers\FileHandler' driver.
INFO - 2024-10-30 04:11:30 --> Session: Class initialized using 'CodeIgniter\Session\Handlers\FileHandler' driver.
INFO - 2024-10-30 04:11:30 --> Session: Class initialized using 'CodeIgniter\Session\Handlers\FileHandler' driver.
INFO - 2024-10-30 04:11:40 --> Session: Class initialized using 'CodeIgniter\Session\Handlers\FileHandler' driver.
INFO - 2024-10-30 04:11:53 --> Session: Class initialized using 'CodeIgniter\Session\Handlers\FileHandler' driver.
INFO - 2024-10-30 04:14:14 --> Session: Class initialized using 'CodeIgniter\Session\Handlers\FileHandler' driver.
CRITICAL - 2024-10-30 04:14:14 --> ErrorException: Undefined property: CodeIgniter\View\View::$security
[Method: GET, Route: product]
in APPPATH\Views\product.php on line 260.
 1 APPPATH\Views\product.php(260): CodeIgniter\Debug\Exceptions->errorHandler(2, 'Undefined property: CodeIgniter\\View\\View::$security', 'C:\\xampp\\htdocs\\codeigniter4\\app\\Views\\product.php', 260)
 2 SYSTEMPATH\View\View.php(234): include('C:\\xampp\\htdocs\\codeigniter4\\app\\Views\\product.php')
 3 SYSTEMPATH\View\View.php(237): CodeIgniter\View\View->CodeIgniter\View\{closure}()
 4 SYSTEMPATH\Common.php(1171): CodeIgniter\View\View->render('product', [], true)
 5 APPPATH\Controllers\Home.php(61): view('product')
 6 SYSTEMPATH\CodeIgniter.php(933): App\Controllers\Home->product()
 7 SYSTEMPATH\CodeIgniter.php(509): CodeIgniter\CodeIgniter->runController(Object(App\Controllers\Home))
 8 SYSTEMPATH\CodeIgniter.php(355): CodeIgniter\CodeIgniter->handleRequest(null, Object(Config\Cache), false)
 9 SYSTEMPATH\Boot.php(325): CodeIgniter\CodeIgniter->run()
10 SYSTEMPATH\Boot.php(67): CodeIgniter\Boot::runCodeIgniter(Object(CodeIgniter\CodeIgniter))
11 FCPATH\index.php(56): CodeIgniter\Boot::bootWeb(Object(Config\Paths))
12 SYSTEMPATH\rewrite.php(44): require_once('C:\\xampp\\htdocs\\codeigniter4\\public\\index.php')
INFO - 2024-10-30 04:14:23 --> Session: Class initialized using 'CodeIgniter\Session\Handlers\FileHandler' driver.
CRITICAL - 2024-10-30 04:14:23 --> ErrorException: Undefined variable $security
[Method: GET, Route: product]
in APPPATH\Views\product.php on line 260.
 1 APPPATH\Views\product.php(260): CodeIgniter\Debug\Exceptions->errorHandler(2, 'Undefined variable $security', 'C:\\xampp\\htdocs\\codeigniter4\\app\\Views\\product.php', 260)
 2 SYSTEMPATH\View\View.php(234): include('C:\\xampp\\htdocs\\codeigniter4\\app\\Views\\product.php')
 3 SYSTEMPATH\View\View.php(237): CodeIgniter\View\View->CodeIgniter\View\{closure}()
 4 SYSTEMPATH\Common.php(1171): CodeIgniter\View\View->render('product', [], true)
 5 APPPATH\Controllers\Home.php(61): view('product')
 6 SYSTEMPATH\CodeIgniter.php(933): App\Controllers\Home->product()
 7 SYSTEMPATH\CodeIgniter.php(509): CodeIgniter\CodeIgniter->runController(Object(App\Controllers\Home))
 8 SYSTEMPATH\CodeIgniter.php(355): CodeIgniter\CodeIgniter->handleRequest(null, Object(Config\Cache), false)
 9 SYSTEMPATH\Boot.php(325): CodeIgniter\CodeIgniter->run()
10 SYSTEMPATH\Boot.php(67): CodeIgniter\Boot::runCodeIgniter(Object(CodeIgniter\CodeIgniter))
11 FCPATH\index.php(56): CodeIgniter\Boot::bootWeb(Object(Config\Paths))
12 SYSTEMPATH\rewrite.php(44): require_once('C:\\xampp\\htdocs\\codeigniter4\\public\\index.php')
INFO - 2024-10-30 04:15:54 --> Session: Class initialized using 'CodeIgniter\Session\Handlers\FileHandler' driver.
CRITICAL - 2024-10-30 04:15:54 --> TypeError: view(): Argument #2 ($data) must be of type array, string given, called in C:\xampp\htdocs\codeigniter4\app\Controllers\Home.php on line 62
[Method: GET, Route: product]
in SYSTEMPATH\Common.php on line 1159.
 1 APPPATH\Controllers\Home.php(62): view('product', 'eyJ0eXAiOiJKV1QiLCJhbGciOiJIUzI1NiJ9.eyJpc3MiOiJJc3N1ZXIgb2YgdGhlIEpXVCIsImF1ZCI6IkF1ZGllbmNlIHRoYXQgdGhlIEpXVCIsInN1YiI6IlN1YmplY3Qgb2YgdGhlIEpXVCIsImlhdCI6MTczMDI1Njg2MiwiZXhwIjoxNzMwMjYwNDYyLCJlbWFpbCI6ImFkbWluQGdtYWlsLmNvbSJ9.6VcrgTpK6gSxAxoqyto35p_8wrSTMuAuSoviRMEZafI')
 2 SYSTEMPATH\CodeIgniter.php(933): App\Controllers\Home->product()
 3 SYSTEMPATH\CodeIgniter.php(509): CodeIgniter\CodeIgniter->runController(Object(App\Controllers\Home))
 4 SYSTEMPATH\CodeIgniter.php(355): CodeIgniter\CodeIgniter->handleRequest(null, Object(Config\Cache), false)
 5 SYSTEMPATH\Boot.php(325): CodeIgniter\CodeIgniter->run()
 6 SYSTEMPATH\Boot.php(67): CodeIgniter\Boot::runCodeIgniter(Object(CodeIgniter\CodeIgniter))
 7 FCPATH\index.php(56): CodeIgniter\Boot::bootWeb(Object(Config\Paths))
 8 SYSTEMPATH\rewrite.php(44): require_once('C:\\xampp\\htdocs\\codeigniter4\\public\\index.php')
INFO - 2024-10-30 04:16:24 --> Session: Class initialized using 'CodeIgniter\Session\Handlers\FileHandler' driver.
CRITICAL - 2024-10-30 04:16:24 --> TypeError: view(): Argument #2 ($data) must be of type array, string given, called in C:\xampp\htdocs\codeigniter4\app\Controllers\Home.php on line 62
[Method: GET, Route: product]
in SYSTEMPATH\Common.php on line 1159.
 1 APPPATH\Controllers\Home.php(62): view('product', 'eyJ0eXAiOiJKV1QiLCJhbGciOiJIUzI1NiJ9.eyJpc3MiOiJJc3N1ZXIgb2YgdGhlIEpXVCIsImF1ZCI6IkF1ZGllbmNlIHRoYXQgdGhlIEpXVCIsInN1YiI6IlN1YmplY3Qgb2YgdGhlIEpXVCIsImlhdCI6MTczMDI1Njg2MiwiZXhwIjoxNzMwMjYwNDYyLCJlbWFpbCI6ImFkbWluQGdtYWlsLmNvbSJ9.6VcrgTpK6gSxAxoqyto35p_8wrSTMuAuSoviRMEZafI')
 2 SYSTEMPATH\CodeIgniter.php(933): App\Controllers\Home->product()
 3 SYSTEMPATH\CodeIgniter.php(509): CodeIgniter\CodeIgniter->runController(Object(App\Controllers\Home))
 4 SYSTEMPATH\CodeIgniter.php(355): CodeIgniter\CodeIgniter->handleRequest(null, Object(Config\Cache), false)
 5 SYSTEMPATH\Boot.php(325): CodeIgniter\CodeIgniter->run()
 6 SYSTEMPATH\Boot.php(67): CodeIgniter\Boot::runCodeIgniter(Object(CodeIgniter\CodeIgniter))
 7 FCPATH\index.php(56): CodeIgniter\Boot::bootWeb(Object(Config\Paths))
 8 SYSTEMPATH\rewrite.php(44): require_once('C:\\xampp\\htdocs\\codeigniter4\\public\\index.php')
INFO - 2024-10-30 04:16:45 --> Session: Class initialized using 'CodeIgniter\Session\Handlers\FileHandler' driver.
CRITICAL - 2024-10-30 04:16:46 --> CodeIgniter\Filters\Exceptions\FilterException: "tokenFilter" filter must have a matching alias defined.
[Method: GET, Route: ajax_datatables]
in SYSTEMPATH\Filters\Filters.php on line 495.
 1 SYSTEMPATH\Filters\Filters.php(495): CodeIgniter\Filters\Exceptions\FilterException::forNoAlias('tokenFilter')
 2 SYSTEMPATH\Filters\Filters.php(547): CodeIgniter\Filters\Filters->enableFilter('tokenFilter', 'before')
 3 SYSTEMPATH\CodeIgniter.php(469): CodeIgniter\Filters\Filters->enableFilters([...], 'before')
 4 SYSTEMPATH\CodeIgniter.php(355): CodeIgniter\CodeIgniter->handleRequest(null, Object(Config\Cache), false)
 5 SYSTEMPATH\Boot.php(325): CodeIgniter\CodeIgniter->run()
 6 SYSTEMPATH\Boot.php(67): CodeIgniter\Boot::runCodeIgniter(Object(CodeIgniter\CodeIgniter))
 7 FCPATH\index.php(56): CodeIgniter\Boot::bootWeb(Object(Config\Paths))
 8 SYSTEMPATH\rewrite.php(44): require_once('C:\\xampp\\htdocs\\codeigniter4\\public\\index.php')
INFO - 2024-10-30 04:23:30 --> Session: Class initialized using 'CodeIgniter\Session\Handlers\FileHandler' driver.
CRITICAL - 2024-10-30 04:23:30 --> CodeIgniter\Filters\Exceptions\FilterException: "tokenFilter" filter must have a matching alias defined.
[Method: GET, Route: ajax_datatables]
in SYSTEMPATH\Filters\Filters.php on line 495.
 1 SYSTEMPATH\Filters\Filters.php(495): CodeIgniter\Filters\Exceptions\FilterException::forNoAlias('tokenFilter')
 2 SYSTEMPATH\Filters\Filters.php(547): CodeIgniter\Filters\Filters->enableFilter('tokenFilter', 'before')
 3 SYSTEMPATH\CodeIgniter.php(469): CodeIgniter\Filters\Filters->enableFilters([...], 'before')
 4 SYSTEMPATH\CodeIgniter.php(355): CodeIgniter\CodeIgniter->handleRequest(null, Object(Config\Cache), false)
 5 SYSTEMPATH\Boot.php(325): CodeIgniter\CodeIgniter->run()
 6 SYSTEMPATH\Boot.php(67): CodeIgniter\Boot::runCodeIgniter(Object(CodeIgniter\CodeIgniter))
 7 FCPATH\index.php(56): CodeIgniter\Boot::bootWeb(Object(Config\Paths))
 8 SYSTEMPATH\rewrite.php(44): require_once('C:\\xampp\\htdocs\\codeigniter4\\public\\index.php')
INFO - 2024-10-30 04:24:11 --> Session: Class initialized using 'CodeIgniter\Session\Handlers\FileHandler' driver.
CRITICAL - 2024-10-30 04:24:12 --> Error: Class "App\Filters\TokenFilter" not found
[Method: GET, Route: ajax_datatables]
in SYSTEMPATH\Filters\Filters.php on line 197.
 1 SYSTEMPATH\Filters\Filters.php(184): CodeIgniter\Filters\Filters->runBefore([...])
 2 SYSTEMPATH\CodeIgniter.php(481): CodeIgniter\Filters\Filters->run('ajax_datatables', 'before')
 3 SYSTEMPATH\CodeIgniter.php(355): CodeIgniter\CodeIgniter->handleRequest(null, Object(Config\Cache), false)
 4 SYSTEMPATH\Boot.php(325): CodeIgniter\CodeIgniter->run()
 5 SYSTEMPATH\Boot.php(67): CodeIgniter\Boot::runCodeIgniter(Object(CodeIgniter\CodeIgniter))
 6 FCPATH\index.php(56): CodeIgniter\Boot::bootWeb(Object(Config\Paths))
 7 SYSTEMPATH\rewrite.php(44): require_once('C:\\xampp\\htdocs\\codeigniter4\\public\\index.php')
INFO - 2024-10-30 04:24:24 --> Session: Class initialized using 'CodeIgniter\Session\Handlers\FileHandler' driver.
CRITICAL - 2024-10-30 04:24:26 --> DomainException: Unexpected control character found
[Method: GET, Route: ajax_datatables]
in VENDORPATH\firebase\php-jwt\src\JWT.php on line 527.
 1 VENDORPATH\firebase\php-jwt\src\JWT.php(372): Firebase\JWT\JWT::handleJsonError(3)
 2 VENDORPATH\firebase\php-jwt\src\JWT.php(113): Firebase\JWT\JWT::jsonDecode('ëa¢¸³jØ¨ì‰ÑåÀˆè‰)]Pˆ°‰…±œˆè‰!LÈÔØ‰')
 3 APPPATH\Filters\TokenFilter.php(15): Firebase\JWT\JWT::decode('Authorization: eyJ0eXAiOiJKV1QiLCJhbGciOiJIUzI1NiJ9.eyJpc3MiOiJJc3N1ZXIgb2YgdGhlIEpXVCIsImF1ZCI6IkF1ZGllbmNlIHRoYXQgdGhlIEpXVCIsInN1YiI6IlN1YmplY3Qgb2YgdGhlIEpXVCIsImlhdCI6MTczMDI1Njg2MiwiZXhwIjoxNzMwMjYwNDYyLCJlbWFpbCI6ImFkbWluQGdtYWlsLmNvbSJ9.6VcrgTpK6gSxAxoqyto35p_8wrSTMuAuSoviRMEZafI', Object(Firebase\JWT\Key))
 4 SYSTEMPATH\Filters\Filters.php(205): App\Filters\TokenFilter->before(Object(CodeIgniter\HTTP\IncomingRequest), null)
 5 SYSTEMPATH\Filters\Filters.php(184): CodeIgniter\Filters\Filters->runBefore([...])
 6 SYSTEMPATH\CodeIgniter.php(481): CodeIgniter\Filters\Filters->run('ajax_datatables', 'before')
 7 SYSTEMPATH\CodeIgniter.php(355): CodeIgniter\CodeIgniter->handleRequest(null, Object(Config\Cache), false)
 8 SYSTEMPATH\Boot.php(325): CodeIgniter\CodeIgniter->run()
 9 SYSTEMPATH\Boot.php(67): CodeIgniter\Boot::runCodeIgniter(Object(CodeIgniter\CodeIgniter))
10 FCPATH\index.php(56): CodeIgniter\Boot::bootWeb(Object(Config\Paths))
11 SYSTEMPATH\rewrite.php(44): require_once('C:\\xampp\\htdocs\\codeigniter4\\public\\index.php')
CRITICAL - 2024-10-30 04:24:26 --> ErrorException: Uncaught CodeIgniter\Format\Exceptions\FormatException: Failed to parse JSON string. Error: Malformed UTF-8 characters, possibly incorrectly encoded in C:\xampp\htdocs\codeigniter4\system\Format\JSONFormatter.php:45
Stack trace:
#0 C:\xampp\htdocs\codeigniter4\system\Format\JSONFormatter.php(45): CodeIgniter\Format\Exceptions\FormatException::forInvalidJSON('Malformed UTF-8...')
#1 C:\xampp\htdocs\codeigniter4\system\API\ResponseTrait.php(357): CodeIgniter\Format\JSONFormatter->format(Array)
#2 C:\xampp\htdocs\codeigniter4\system\API\ResponseTrait.php(103): CodeIgniter\Debug\ExceptionHandler->format(Array)
#3 C:\xampp\htdocs\codeigniter4\system\Debug\ExceptionHandler.php(83): CodeIgniter\Debug\ExceptionHandler->respond(Array, 500)
#4 C:\xampp\htdocs\codeigniter4\system\Debug\Exceptions.php(164): CodeIgniter\Debug\ExceptionHandler->handle(Object(DomainException), Object(CodeIgniter\HTTP\IncomingRequest), Object(CodeIgniter\HTTP\Response), 500, 1)
#5 [internal function]: CodeIgniter\Debug\Exceptions->exceptionHandler(Object(DomainException))
#6 {main}
  thrown
ã€Previous Exceptionã€‘
DomainException
Unexpected control character found
#0 C:\xampp\htdocs\codeigniter4\vendor\firebase\php-jwt\src\JWT.php(372): Firebase\JWT\JWT::handleJsonError(3)
#1 C:\xampp\htdocs\codeigniter4\vendor\firebase\php-jwt\src\JWT.php(113): Firebase\JWT\JWT::jsonDecode('\x02\xEBa\xA2\xB8\xB3j\xD8\xA8\x9D\xEC\x89\xD1\xE5\xC0...')
#2 C:\xampp\htdocs\codeigniter4\app\Filters\TokenFilter.php(15): Firebase\JWT\JWT::decode('Authorization: ...', Object(Firebase\JWT\Key))
#3 C:\xampp\htdocs\codeigniter4\system\Filters\Filters.php(205): App\Filters\TokenFilter->before(Object(CodeIgniter\HTTP\IncomingRequest), NULL)
#4 C:\xampp\htdocs\codeigniter4\system\Filters\Filters.php(184): CodeIgniter\Filters\Filters->runBefore(Array)
#5 C:\xampp\htdocs\codeigniter4\system\CodeIgniter.php(481): CodeIgniter\Filters\Filters->run('ajax_datatables', 'before')
#6 C:\xampp\htdocs\codeigniter4\system\CodeIgniter.php(355): CodeIgniter\CodeIgniter->handleRequest(NULL, Object(Config\Cache), false)
#7 C:\xampp\htdocs\codeigniter4\system\Boot.php(325): CodeIgniter\CodeIgniter->run()
#8 C:\xampp\htdocs\codeigniter4\system\Boot.php(67): CodeIgniter\Boot::runCodeIgniter(Object(CodeIgniter\CodeIgniter))
#9 C:\xampp\htdocs\codeigniter4\public\index.php(56): CodeIgniter\Boot::bootWeb(Object(Config\Paths))
#10 C:\xampp\htdocs\codeigniter4\system\rewrite.php(44): require_once('C:\\xampp\\htdocs...')
#11 {main}
[Method: GET, Route: ajax_datatables]
in SYSTEMPATH\Format\JSONFormatter.php on line 45.
 1 [internal function]: CodeIgniter\Debug\Exceptions->shutdownHandler()
INFO - 2024-10-30 04:25:45 --> Session: Class initialized using 'CodeIgniter\Session\Handlers\FileHandler' driver.
CRITICAL - 2024-10-30 04:25:46 --> DomainException: Unexpected control character found
[Method: GET, Route: ajax_datatables]
in VENDORPATH\firebase\php-jwt\src\JWT.php on line 527.
 1 VENDORPATH\firebase\php-jwt\src\JWT.php(372): Firebase\JWT\JWT::handleJsonError(3)
 2 VENDORPATH\firebase\php-jwt\src\JWT.php(113): Firebase\JWT\JWT::jsonDecode('ëa¢¸³jØ¨ì‰ÑåÀˆè‰)]Pˆ°‰…±œˆè‰!LÈÔØ‰')
 3 APPPATH\Filters\TokenFilter.php(15): Firebase\JWT\JWT::decode('Authorization: eyJ0eXAiOiJKV1QiLCJhbGciOiJIUzI1NiJ9.eyJpc3MiOiJJc3N1ZXIgb2YgdGhlIEpXVCIsImF1ZCI6IkF1ZGllbmNlIHRoYXQgdGhlIEpXVCIsInN1YiI6IlN1YmplY3Qgb2YgdGhlIEpXVCIsImlhdCI6MTczMDI1Njg2MiwiZXhwIjoxNzMwMjYwNDYyLCJlbWFpbCI6ImFkbWluQGdtYWlsLmNvbSJ9.6VcrgTpK6gSxAxoqyto35p_8wrSTMuAuSoviRMEZafI', Object(Firebase\JWT\Key))
 4 SYSTEMPATH\Filters\Filters.php(205): App\Filters\TokenFilter->before(Object(CodeIgniter\HTTP\IncomingRequest), null)
 5 SYSTEMPATH\Filters\Filters.php(184): CodeIgniter\Filters\Filters->runBefore([...])
 6 SYSTEMPATH\CodeIgniter.php(481): CodeIgniter\Filters\Filters->run('ajax_datatables', 'before')
 7 SYSTEMPATH\CodeIgniter.php(355): CodeIgniter\CodeIgniter->handleRequest(null, Object(Config\Cache), false)
 8 SYSTEMPATH\Boot.php(325): CodeIgniter\CodeIgniter->run()
 9 SYSTEMPATH\Boot.php(67): CodeIgniter\Boot::runCodeIgniter(Object(CodeIgniter\CodeIgniter))
10 FCPATH\index.php(56): CodeIgniter\Boot::bootWeb(Object(Config\Paths))
11 SYSTEMPATH\rewrite.php(44): require_once('C:\\xampp\\htdocs\\codeigniter4\\public\\index.php')
CRITICAL - 2024-10-30 04:25:46 --> ErrorException: Uncaught CodeIgniter\Format\Exceptions\FormatException: Failed to parse JSON string. Error: Malformed UTF-8 characters, possibly incorrectly encoded in C:\xampp\htdocs\codeigniter4\system\Format\JSONFormatter.php:45
Stack trace:
#0 C:\xampp\htdocs\codeigniter4\system\Format\JSONFormatter.php(45): CodeIgniter\Format\Exceptions\FormatException::forInvalidJSON('Malformed UTF-8...')
#1 C:\xampp\htdocs\codeigniter4\system\API\ResponseTrait.php(357): CodeIgniter\Format\JSONFormatter->format(Array)
#2 C:\xampp\htdocs\codeigniter4\system\API\ResponseTrait.php(103): CodeIgniter\Debug\ExceptionHandler->format(Array)
#3 C:\xampp\htdocs\codeigniter4\system\Debug\ExceptionHandler.php(83): CodeIgniter\Debug\ExceptionHandler->respond(Array, 500)
#4 C:\xampp\htdocs\codeigniter4\system\Debug\Exceptions.php(164): CodeIgniter\Debug\ExceptionHandler->handle(Object(DomainException), Object(CodeIgniter\HTTP\IncomingRequest), Object(CodeIgniter\HTTP\Response), 500, 1)
#5 [internal function]: CodeIgniter\Debug\Exceptions->exceptionHandler(Object(DomainException))
#6 {main}
  thrown
ã€Previous Exceptionã€‘
DomainException
Unexpected control character found
#0 C:\xampp\htdocs\codeigniter4\vendor\firebase\php-jwt\src\JWT.php(372): Firebase\JWT\JWT::handleJsonError(3)
#1 C:\xampp\htdocs\codeigniter4\vendor\firebase\php-jwt\src\JWT.php(113): Firebase\JWT\JWT::jsonDecode('\x02\xEBa\xA2\xB8\xB3j\xD8\xA8\x9D\xEC\x89\xD1\xE5\xC0...')
#2 C:\xampp\htdocs\codeigniter4\app\Filters\TokenFilter.php(15): Firebase\JWT\JWT::decode('Authorization: ...', Object(Firebase\JWT\Key))
#3 C:\xampp\htdocs\codeigniter4\system\Filters\Filters.php(205): App\Filters\TokenFilter->before(Object(CodeIgniter\HTTP\IncomingRequest), NULL)
#4 C:\xampp\htdocs\codeigniter4\system\Filters\Filters.php(184): CodeIgniter\Filters\Filters->runBefore(Array)
#5 C:\xampp\htdocs\codeigniter4\system\CodeIgniter.php(481): CodeIgniter\Filters\Filters->run('ajax_datatables', 'before')
#6 C:\xampp\htdocs\codeigniter4\system\CodeIgniter.php(355): CodeIgniter\CodeIgniter->handleRequest(NULL, Object(Config\Cache), false)
#7 C:\xampp\htdocs\codeigniter4\system\Boot.php(325): CodeIgniter\CodeIgniter->run()
#8 C:\xampp\htdocs\codeigniter4\system\Boot.php(67): CodeIgniter\Boot::runCodeIgniter(Object(CodeIgniter\CodeIgniter))
#9 C:\xampp\htdocs\codeigniter4\public\index.php(56): CodeIgniter\Boot::bootWeb(Object(Config\Paths))
#10 C:\xampp\htdocs\codeigniter4\system\rewrite.php(44): require_once('C:\\xampp\\htdocs...')
#11 {main}
[Method: GET, Route: ajax_datatables]
in SYSTEMPATH\Format\JSONFormatter.php on line 45.
 1 [internal function]: CodeIgniter\Debug\Exceptions->shutdownHandler()
INFO - 2024-10-30 04:26:32 --> Session: Class initialized using 'CodeIgniter\Session\Handlers\FileHandler' driver.
INFO - 2024-10-30 04:27:03 --> Session: Class initialized using 'CodeIgniter\Session\Handlers\FileHandler' driver.
INFO - 2024-10-30 04:27:53 --> Session: Class initialized using 'CodeIgniter\Session\Handlers\FileHandler' driver.
CRITICAL - 2024-10-30 04:27:54 --> Firebase\JWT\ExpiredException: Expired token
[Method: GET, Route: ajax_datatables]
in VENDORPATH\firebase\php-jwt\src\JWT.php on line 176.
 1 APPPATH\Filters\TokenFilter.php(15): Firebase\JWT\JWT::decode('eyJ0eXAiOiJKV1QiLCJhbGciOiJIUzI1NiJ9.eyJpc3MiOiJJc3N1ZXIgb2YgdGhlIEpXVCIsImF1ZCI6IkF1ZGllbmNlIHRoYXQgdGhlIEpXVCIsInN1YiI6IlN1YmplY3Qgb2YgdGhlIEpXVCIsImlhdCI6MTczMDI1Njg2MiwiZXhwIjoxNzMwMjYwNDYyLCJlbWFpbCI6ImFkbWluQGdtYWlsLmNvbSJ9.6VcrgTpK6gSxAxoqyto35p_8wrSTMuAuSoviRMEZafI', Object(Firebase\JWT\Key))
 2 SYSTEMPATH\Filters\Filters.php(205): App\Filters\TokenFilter->before(Object(CodeIgniter\HTTP\IncomingRequest), null)
 3 SYSTEMPATH\Filters\Filters.php(184): CodeIgniter\Filters\Filters->runBefore([...])
 4 SYSTEMPATH\CodeIgniter.php(481): CodeIgniter\Filters\Filters->run('ajax_datatables', 'before')
 5 SYSTEMPATH\CodeIgniter.php(355): CodeIgniter\CodeIgniter->handleRequest(null, Object(Config\Cache), false)
 6 SYSTEMPATH\Boot.php(325): CodeIgniter\CodeIgniter->run()
 7 SYSTEMPATH\Boot.php(67): CodeIgniter\Boot::runCodeIgniter(Object(CodeIgniter\CodeIgniter))
 8 FCPATH\index.php(56): CodeIgniter\Boot::bootWeb(Object(Config\Paths))
 9 SYSTEMPATH\rewrite.php(44): require_once('C:\\xampp\\htdocs\\codeigniter4\\public\\index.php')
INFO - 2024-10-30 04:28:37 --> Session: Class initialized using 'CodeIgniter\Session\Handlers\FileHandler' driver.
CRITICAL - 2024-10-30 04:28:38 --> Firebase\JWT\ExpiredException: Expired token
[Method: GET, Route: ajax_datatables]
in VENDORPATH\firebase\php-jwt\src\JWT.php on line 176.
 1 APPPATH\Filters\TokenFilter.php(15): Firebase\JWT\JWT::decode('eyJ0eXAiOiJKV1QiLCJhbGciOiJIUzI1NiJ9.eyJpc3MiOiJJc3N1ZXIgb2YgdGhlIEpXVCIsImF1ZCI6IkF1ZGllbmNlIHRoYXQgdGhlIEpXVCIsInN1YiI6IlN1YmplY3Qgb2YgdGhlIEpXVCIsImlhdCI6MTczMDI1Njg2MiwiZXhwIjoxNzMwMjYwNDYyLCJlbWFpbCI6ImFkbWluQGdtYWlsLmNvbSJ9.6VcrgTpK6gSxAxoqyto35p_8wrSTMuAuSoviRMEZafI', Object(Firebase\JWT\Key))
 2 SYSTEMPATH\Filters\Filters.php(205): App\Filters\TokenFilter->before(Object(CodeIgniter\HTTP\IncomingRequest), null)
 3 SYSTEMPATH\Filters\Filters.php(184): CodeIgniter\Filters\Filters->runBefore([...])
 4 SYSTEMPATH\CodeIgniter.php(481): CodeIgniter\Filters\Filters->run('ajax_datatables', 'before')
 5 SYSTEMPATH\CodeIgniter.php(355): CodeIgniter\CodeIgniter->handleRequest(null, Object(Config\Cache), false)
 6 SYSTEMPATH\Boot.php(325): CodeIgniter\CodeIgniter->run()
 7 SYSTEMPATH\Boot.php(67): CodeIgniter\Boot::runCodeIgniter(Object(CodeIgniter\CodeIgniter))
 8 FCPATH\index.php(56): CodeIgniter\Boot::bootWeb(Object(Config\Paths))
 9 SYSTEMPATH\rewrite.php(44): require_once('C:\\xampp\\htdocs\\codeigniter4\\public\\index.php')
INFO - 2024-10-30 04:29:04 --> Session: Class initialized using 'CodeIgniter\Session\Handlers\FileHandler' driver.
CRITICAL - 2024-10-30 04:29:04 --> Firebase\JWT\ExpiredException: Expired token
[Method: GET, Route: ajax_datatables]
in VENDORPATH\firebase\php-jwt\src\JWT.php on line 176.
 1 APPPATH\Filters\TokenFilter.php(15): Firebase\JWT\JWT::decode('eyJ0eXAiOiJKV1QiLCJhbGciOiJIUzI1NiJ9.eyJpc3MiOiJJc3N1ZXIgb2YgdGhlIEpXVCIsImF1ZCI6IkF1ZGllbmNlIHRoYXQgdGhlIEpXVCIsInN1YiI6IlN1YmplY3Qgb2YgdGhlIEpXVCIsImlhdCI6MTczMDI1Njg2MiwiZXhwIjoxNzMwMjYwNDYyLCJlbWFpbCI6ImFkbWluQGdtYWlsLmNvbSJ9.6VcrgTpK6gSxAxoqyto35p_8wrSTMuAuSoviRMEZafI', Object(Firebase\JWT\Key))
 2 SYSTEMPATH\Filters\Filters.php(205): App\Filters\TokenFilter->before(Object(CodeIgniter\HTTP\IncomingRequest), null)
 3 SYSTEMPATH\Filters\Filters.php(184): CodeIgniter\Filters\Filters->runBefore([...])
 4 SYSTEMPATH\CodeIgniter.php(481): CodeIgniter\Filters\Filters->run('ajax_datatables', 'before')
 5 SYSTEMPATH\CodeIgniter.php(355): CodeIgniter\CodeIgniter->handleRequest(null, Object(Config\Cache), false)
 6 SYSTEMPATH\Boot.php(325): CodeIgniter\CodeIgniter->run()
 7 SYSTEMPATH\Boot.php(67): CodeIgniter\Boot::runCodeIgniter(Object(CodeIgniter\CodeIgniter))
 8 FCPATH\index.php(56): CodeIgniter\Boot::bootWeb(Object(Config\Paths))
 9 SYSTEMPATH\rewrite.php(44): require_once('C:\\xampp\\htdocs\\codeigniter4\\public\\index.php')
INFO - 2024-10-30 04:29:25 --> Session: Class initialized using 'CodeIgniter\Session\Handlers\FileHandler' driver.
CRITICAL - 2024-10-30 04:29:25 --> Firebase\JWT\ExpiredException: Expired token
[Method: GET, Route: ajax_datatables]
in VENDORPATH\firebase\php-jwt\src\JWT.php on line 176.
 1 APPPATH\Filters\TokenFilter.php(15): Firebase\JWT\JWT::decode('eyJ0eXAiOiJKV1QiLCJhbGciOiJIUzI1NiJ9.eyJpc3MiOiJJc3N1ZXIgb2YgdGhlIEpXVCIsImF1ZCI6IkF1ZGllbmNlIHRoYXQgdGhlIEpXVCIsInN1YiI6IlN1YmplY3Qgb2YgdGhlIEpXVCIsImlhdCI6MTczMDI1Njg2MiwiZXhwIjoxNzMwMjYwNDYyLCJlbWFpbCI6ImFkbWluQGdtYWlsLmNvbSJ9.6VcrgTpK6gSxAxoqyto35p_8wrSTMuAuSoviRMEZafI', Object(Firebase\JWT\Key))
 2 SYSTEMPATH\Filters\Filters.php(205): App\Filters\TokenFilter->before(Object(CodeIgniter\HTTP\IncomingRequest), null)
 3 SYSTEMPATH\Filters\Filters.php(184): CodeIgniter\Filters\Filters->runBefore([...])
 4 SYSTEMPATH\CodeIgniter.php(481): CodeIgniter\Filters\Filters->run('ajax_datatables', 'before')
 5 SYSTEMPATH\CodeIgniter.php(355): CodeIgniter\CodeIgniter->handleRequest(null, Object(Config\Cache), false)
 6 SYSTEMPATH\Boot.php(325): CodeIgniter\CodeIgniter->run()
 7 SYSTEMPATH\Boot.php(67): CodeIgniter\Boot::runCodeIgniter(Object(CodeIgniter\CodeIgniter))
 8 FCPATH\index.php(56): CodeIgniter\Boot::bootWeb(Object(Config\Paths))
 9 SYSTEMPATH\rewrite.php(44): require_once('C:\\xampp\\htdocs\\codeigniter4\\public\\index.php')
INFO - 2024-10-30 04:29:27 --> Session: Class initialized using 'CodeIgniter\Session\Handlers\FileHandler' driver.
INFO - 2024-10-30 04:29:28 --> Session: Class initialized using 'CodeIgniter\Session\Handlers\FileHandler' driver.
INFO - 2024-10-30 04:29:29 --> Session: Class initialized using 'CodeIgniter\Session\Handlers\FileHandler' driver.
INFO - 2024-10-30 04:29:31 --> Session: Class initialized using 'CodeIgniter\Session\Handlers\FileHandler' driver.
CRITICAL - 2024-10-30 04:29:32 --> Firebase\JWT\ExpiredException: Expired token
[Method: GET, Route: ajax_datatables]
in VENDORPATH\firebase\php-jwt\src\JWT.php on line 176.
 1 APPPATH\Filters\TokenFilter.php(15): Firebase\JWT\JWT::decode('eyJ0eXAiOiJKV1QiLCJhbGciOiJIUzI1NiJ9.eyJpc3MiOiJJc3N1ZXIgb2YgdGhlIEpXVCIsImF1ZCI6IkF1ZGllbmNlIHRoYXQgdGhlIEpXVCIsInN1YiI6IlN1YmplY3Qgb2YgdGhlIEpXVCIsImlhdCI6MTczMDI1Njg2MiwiZXhwIjoxNzMwMjYwNDYyLCJlbWFpbCI6ImFkbWluQGdtYWlsLmNvbSJ9.6VcrgTpK6gSxAxoqyto35p_8wrSTMuAuSoviRMEZafI', Object(Firebase\JWT\Key))
 2 SYSTEMPATH\Filters\Filters.php(205): App\Filters\TokenFilter->before(Object(CodeIgniter\HTTP\IncomingRequest), null)
 3 SYSTEMPATH\Filters\Filters.php(184): CodeIgniter\Filters\Filters->runBefore([...])
 4 SYSTEMPATH\CodeIgniter.php(481): CodeIgniter\Filters\Filters->run('ajax_datatables', 'before')
 5 SYSTEMPATH\CodeIgniter.php(355): CodeIgniter\CodeIgniter->handleRequest(null, Object(Config\Cache), false)
 6 SYSTEMPATH\Boot.php(325): CodeIgniter\CodeIgniter->run()
 7 SYSTEMPATH\Boot.php(67): CodeIgniter\Boot::runCodeIgniter(Object(CodeIgniter\CodeIgniter))
 8 FCPATH\index.php(56): CodeIgniter\Boot::bootWeb(Object(Config\Paths))
 9 SYSTEMPATH\rewrite.php(44): require_once('C:\\xampp\\htdocs\\codeigniter4\\public\\index.php')
INFO - 2024-10-30 04:30:13 --> Session: Class initialized using 'CodeIgniter\Session\Handlers\FileHandler' driver.
CRITICAL - 2024-10-30 04:30:13 --> DomainException: Unexpected control character found
[Method: GET, Route: ajax_datatables]
in VENDORPATH\firebase\php-jwt\src\JWT.php on line 527.
 1 VENDORPATH\firebase\php-jwt\src\JWT.php(372): Firebase\JWT\JWT::handleJsonError(3)
 2 VENDORPATH\firebase\php-jwt\src\JWT.php(113): Firebase\JWT\JWT::jsonDecode('ëa¢¸³jØ¨ì‰ÑåÀˆè‰)]Pˆ°‰…±œˆè‰!LÈÔØ‰')
 3 APPPATH\Filters\TokenFilter.php(15): Firebase\JWT\JWT::decode('Authorization: eyJ0eXAiOiJKV1QiLCJhbGciOiJIUzI1NiJ9.eyJpc3MiOiJJc3N1ZXIgb2YgdGhlIEpXVCIsImF1ZCI6IkF1ZGllbmNlIHRoYXQgdGhlIEpXVCIsInN1YiI6IlN1YmplY3Qgb2YgdGhlIEpXVCIsImlhdCI6MTczMDI2MjU2OCwiZXhwIjoxNzMwNDc4NTY4LCJlbWFpbCI6ImFkbWluQGdtYWlsLmNvbSJ9.kolItCgNsEKrdyVW_kEU2oskEERRm3qoFpvZy59iETc', Object(Firebase\JWT\Key))
 4 SYSTEMPATH\Filters\Filters.php(205): App\Filters\TokenFilter->before(Object(CodeIgniter\HTTP\IncomingRequest), null)
 5 SYSTEMPATH\Filters\Filters.php(184): CodeIgniter\Filters\Filters->runBefore([...])
 6 SYSTEMPATH\CodeIgniter.php(481): CodeIgniter\Filters\Filters->run('ajax_datatables', 'before')
 7 SYSTEMPATH\CodeIgniter.php(355): CodeIgniter\CodeIgniter->handleRequest(null, Object(Config\Cache), false)
 8 SYSTEMPATH\Boot.php(325): CodeIgniter\CodeIgniter->run()
 9 SYSTEMPATH\Boot.php(67): CodeIgniter\Boot::runCodeIgniter(Object(CodeIgniter\CodeIgniter))
10 FCPATH\index.php(56): CodeIgniter\Boot::bootWeb(Object(Config\Paths))
11 SYSTEMPATH\rewrite.php(44): require_once('C:\\xampp\\htdocs\\codeigniter4\\public\\index.php')
CRITICAL - 2024-10-30 04:30:13 --> ErrorException: Uncaught CodeIgniter\Format\Exceptions\FormatException: Failed to parse JSON string. Error: Malformed UTF-8 characters, possibly incorrectly encoded in C:\xampp\htdocs\codeigniter4\system\Format\JSONFormatter.php:45
Stack trace:
#0 C:\xampp\htdocs\codeigniter4\system\Format\JSONFormatter.php(45): CodeIgniter\Format\Exceptions\FormatException::forInvalidJSON('Malformed UTF-8...')
#1 C:\xampp\htdocs\codeigniter4\system\API\ResponseTrait.php(357): CodeIgniter\Format\JSONFormatter->format(Array)
#2 C:\xampp\htdocs\codeigniter4\system\API\ResponseTrait.php(103): CodeIgniter\Debug\ExceptionHandler->format(Array)
#3 C:\xampp\htdocs\codeigniter4\system\Debug\ExceptionHandler.php(83): CodeIgniter\Debug\ExceptionHandler->respond(Array, 500)
#4 C:\xampp\htdocs\codeigniter4\system\Debug\Exceptions.php(164): CodeIgniter\Debug\ExceptionHandler->handle(Object(DomainException), Object(CodeIgniter\HTTP\IncomingRequest), Object(CodeIgniter\HTTP\Response), 500, 1)
#5 [internal function]: CodeIgniter\Debug\Exceptions->exceptionHandler(Object(DomainException))
#6 {main}
  thrown
ã€Previous Exceptionã€‘
DomainException
Unexpected control character found
#0 C:\xampp\htdocs\codeigniter4\vendor\firebase\php-jwt\src\JWT.php(372): Firebase\JWT\JWT::handleJsonError(3)
#1 C:\xampp\htdocs\codeigniter4\vendor\firebase\php-jwt\src\JWT.php(113): Firebase\JWT\JWT::jsonDecode('\x02\xEBa\xA2\xB8\xB3j\xD8\xA8\x9D\xEC\x89\xD1\xE5\xC0...')
#2 C:\xampp\htdocs\codeigniter4\app\Filters\TokenFilter.php(15): Firebase\JWT\JWT::decode('Authorization: ...', Object(Firebase\JWT\Key))
#3 C:\xampp\htdocs\codeigniter4\system\Filters\Filters.php(205): App\Filters\TokenFilter->before(Object(CodeIgniter\HTTP\IncomingRequest), NULL)
#4 C:\xampp\htdocs\codeigniter4\system\Filters\Filters.php(184): CodeIgniter\Filters\Filters->runBefore(Array)
#5 C:\xampp\htdocs\codeigniter4\system\CodeIgniter.php(481): CodeIgniter\Filters\Filters->run('ajax_datatables', 'before')
#6 C:\xampp\htdocs\codeigniter4\system\CodeIgniter.php(355): CodeIgniter\CodeIgniter->handleRequest(NULL, Object(Config\Cache), false)
#7 C:\xampp\htdocs\codeigniter4\system\Boot.php(325): CodeIgniter\CodeIgniter->run()
#8 C:\xampp\htdocs\codeigniter4\system\Boot.php(67): CodeIgniter\Boot::runCodeIgniter(Object(CodeIgniter\CodeIgniter))
#9 C:\xampp\htdocs\codeigniter4\public\index.php(56): CodeIgniter\Boot::bootWeb(Object(Config\Paths))
#10 C:\xampp\htdocs\codeigniter4\system\rewrite.php(44): require_once('C:\\xampp\\htdocs...')
#11 {main}
[Method: GET, Route: ajax_datatables]
in SYSTEMPATH\Format\JSONFormatter.php on line 45.
 1 [internal function]: CodeIgniter\Debug\Exceptions->shutdownHandler()
INFO - 2024-10-30 04:30:56 --> Session: Class initialized using 'CodeIgniter\Session\Handlers\FileHandler' driver.
CRITICAL - 2024-10-30 04:30:57 --> Error: Firebase\JWT\JWT::decode(): Argument #3 ($headers) cannot be passed by reference
[Method: GET, Route: ajax_datatables]
in APPPATH\Filters\TokenFilter.php on line 14.
 1 SYSTEMPATH\Filters\Filters.php(205): App\Filters\TokenFilter->before(Object(CodeIgniter\HTTP\IncomingRequest), null)
 2 SYSTEMPATH\Filters\Filters.php(184): CodeIgniter\Filters\Filters->runBefore([...])
 3 SYSTEMPATH\CodeIgniter.php(481): CodeIgniter\Filters\Filters->run('ajax_datatables', 'before')
 4 SYSTEMPATH\CodeIgniter.php(355): CodeIgniter\CodeIgniter->handleRequest(null, Object(Config\Cache), false)
 5 SYSTEMPATH\Boot.php(325): CodeIgniter\CodeIgniter->run()
 6 SYSTEMPATH\Boot.php(67): CodeIgniter\Boot::runCodeIgniter(Object(CodeIgniter\CodeIgniter))
 7 FCPATH\index.php(56): CodeIgniter\Boot::bootWeb(Object(Config\Paths))
 8 SYSTEMPATH\rewrite.php(44): require_once('C:\\xampp\\htdocs\\codeigniter4\\public\\index.php')
INFO - 2024-10-30 04:31:10 --> Session: Class initialized using 'CodeIgniter\Session\Handlers\FileHandler' driver.
CRITICAL - 2024-10-30 04:31:11 --> DomainException: Unexpected control character found
[Method: GET, Route: ajax_datatables]
in VENDORPATH\firebase\php-jwt\src\JWT.php on line 527.
 1 VENDORPATH\firebase\php-jwt\src\JWT.php(372): Firebase\JWT\JWT::handleJsonError(3)
 2 VENDORPATH\firebase\php-jwt\src\JWT.php(113): Firebase\JWT\JWT::jsonDecode('ëa¢¸³jØ¨ì‰ÑåÀˆè‰)]Pˆ°‰…±œˆè‰!LÈÔØ‰')
 3 APPPATH\Filters\TokenFilter.php(14): Firebase\JWT\JWT::decode('Authorization: eyJ0eXAiOiJKV1QiLCJhbGciOiJIUzI1NiJ9.eyJpc3MiOiJJc3N1ZXIgb2YgdGhlIEpXVCIsImF1ZCI6IkF1ZGllbmNlIHRoYXQgdGhlIEpXVCIsInN1YiI6IlN1YmplY3Qgb2YgdGhlIEpXVCIsImlhdCI6MTczMDI2MjU2OCwiZXhwIjoxNzMwNDc4NTY4LCJlbWFpbCI6ImFkbWluQGdtYWlsLmNvbSJ9.kolItCgNsEKrdyVW_kEU2oskEERRm3qoFpvZy59iETc', 'HipH1PH0oRr4YY')
 4 SYSTEMPATH\Filters\Filters.php(205): App\Filters\TokenFilter->before(Object(CodeIgniter\HTTP\IncomingRequest), null)
 5 SYSTEMPATH\Filters\Filters.php(184): CodeIgniter\Filters\Filters->runBefore([...])
 6 SYSTEMPATH\CodeIgniter.php(481): CodeIgniter\Filters\Filters->run('ajax_datatables', 'before')
 7 SYSTEMPATH\CodeIgniter.php(355): CodeIgniter\CodeIgniter->handleRequest(null, Object(Config\Cache), false)
 8 SYSTEMPATH\Boot.php(325): CodeIgniter\CodeIgniter->run()
 9 SYSTEMPATH\Boot.php(67): CodeIgniter\Boot::runCodeIgniter(Object(CodeIgniter\CodeIgniter))
10 FCPATH\index.php(56): CodeIgniter\Boot::bootWeb(Object(Config\Paths))
11 SYSTEMPATH\rewrite.php(44): require_once('C:\\xampp\\htdocs\\codeigniter4\\public\\index.php')
CRITICAL - 2024-10-30 04:31:11 --> ErrorException: Uncaught CodeIgniter\Format\Exceptions\FormatException: Failed to parse JSON string. Error: Malformed UTF-8 characters, possibly incorrectly encoded in C:\xampp\htdocs\codeigniter4\system\Format\JSONFormatter.php:45
Stack trace:
#0 C:\xampp\htdocs\codeigniter4\system\Format\JSONFormatter.php(45): CodeIgniter\Format\Exceptions\FormatException::forInvalidJSON('Malformed UTF-8...')
#1 C:\xampp\htdocs\codeigniter4\system\API\ResponseTrait.php(357): CodeIgniter\Format\JSONFormatter->format(Array)
#2 C:\xampp\htdocs\codeigniter4\system\API\ResponseTrait.php(103): CodeIgniter\Debug\ExceptionHandler->format(Array)
#3 C:\xampp\htdocs\codeigniter4\system\Debug\ExceptionHandler.php(83): CodeIgniter\Debug\ExceptionHandler->respond(Array, 500)
#4 C:\xampp\htdocs\codeigniter4\system\Debug\Exceptions.php(164): CodeIgniter\Debug\ExceptionHandler->handle(Object(DomainException), Object(CodeIgniter\HTTP\IncomingRequest), Object(CodeIgniter\HTTP\Response), 500, 1)
#5 [internal function]: CodeIgniter\Debug\Exceptions->exceptionHandler(Object(DomainException))
#6 {main}
  thrown
ã€Previous Exceptionã€‘
DomainException
Unexpected control character found
#0 C:\xampp\htdocs\codeigniter4\vendor\firebase\php-jwt\src\JWT.php(372): Firebase\JWT\JWT::handleJsonError(3)
#1 C:\xampp\htdocs\codeigniter4\vendor\firebase\php-jwt\src\JWT.php(113): Firebase\JWT\JWT::jsonDecode('\x02\xEBa\xA2\xB8\xB3j\xD8\xA8\x9D\xEC\x89\xD1\xE5\xC0...')
#2 C:\xampp\htdocs\codeigniter4\app\Filters\TokenFilter.php(14): Firebase\JWT\JWT::decode('Authorization: ...', 'HipH1PH0oRr4YY')
#3 C:\xampp\htdocs\codeigniter4\system\Filters\Filters.php(205): App\Filters\TokenFilter->before(Object(CodeIgniter\HTTP\IncomingRequest), NULL)
#4 C:\xampp\htdocs\codeigniter4\system\Filters\Filters.php(184): CodeIgniter\Filters\Filters->runBefore(Array)
#5 C:\xampp\htdocs\codeigniter4\system\CodeIgniter.php(481): CodeIgniter\Filters\Filters->run('ajax_datatables', 'before')
#6 C:\xampp\htdocs\codeigniter4\system\CodeIgniter.php(355): CodeIgniter\CodeIgniter->handleRequest(NULL, Object(Config\Cache), false)
#7 C:\xampp\htdocs\codeigniter4\system\Boot.php(325): CodeIgniter\CodeIgniter->run()
#8 C:\xampp\htdocs\codeigniter4\system\Boot.php(67): CodeIgniter\Boot::runCodeIgniter(Object(CodeIgniter\CodeIgniter))
#9 C:\xampp\htdocs\codeigniter4\public\index.php(56): CodeIgniter\Boot::bootWeb(Object(Config\Paths))
#10 C:\xampp\htdocs\codeigniter4\system\rewrite.php(44): require_once('C:\\xampp\\htdocs...')
#11 {main}
[Method: GET, Route: ajax_datatables]
in SYSTEMPATH\Format\JSONFormatter.php on line 45.
 1 [internal function]: CodeIgniter\Debug\Exceptions->shutdownHandler()
INFO - 2024-10-30 04:32:36 --> Session: Class initialized using 'CodeIgniter\Session\Handlers\FileHandler' driver.
CRITICAL - 2024-10-30 04:32:38 --> DomainException: Unexpected control character found
[Method: GET, Route: ajax_datatables]
in VENDORPATH\firebase\php-jwt\src\JWT.php on line 527.
 1 VENDORPATH\firebase\php-jwt\src\JWT.php(372): Firebase\JWT\JWT::handleJsonError(3)
 2 VENDORPATH\firebase\php-jwt\src\JWT.php(113): Firebase\JWT\JWT::jsonDecode('ëa¢¸³jØ¨ì‰ÑåÀˆè‰)]Pˆ°‰…±œˆè‰!LÈÔØ‰')
 3 APPPATH\Filters\TokenFilter.php(15): Firebase\JWT\JWT::decode('Authorization: eyJ0eXAiOiJKV1QiLCJhbGciOiJIUzI1NiJ9.eyJpc3MiOiJJc3N1ZXIgb2YgdGhlIEpXVCIsImF1ZCI6IkF1ZGllbmNlIHRoYXQgdGhlIEpXVCIsInN1YiI6IlN1YmplY3Qgb2YgdGhlIEpXVCIsImlhdCI6MTczMDI2MjU2OCwiZXhwIjoxNzMwNDc4NTY4LCJlbWFpbCI6ImFkbWluQGdtYWlsLmNvbSJ9.kolItCgNsEKrdyVW_kEU2oskEERRm3qoFpvZy59iETc', 'HipH1PH0oRr4YY')
 4 SYSTEMPATH\Filters\Filters.php(205): App\Filters\TokenFilter->before(Object(CodeIgniter\HTTP\IncomingRequest), null)
 5 SYSTEMPATH\Filters\Filters.php(184): CodeIgniter\Filters\Filters->runBefore([...])
 6 SYSTEMPATH\CodeIgniter.php(481): CodeIgniter\Filters\Filters->run('ajax_datatables', 'before')
 7 SYSTEMPATH\CodeIgniter.php(355): CodeIgniter\CodeIgniter->handleRequest(null, Object(Config\Cache), false)
 8 SYSTEMPATH\Boot.php(325): CodeIgniter\CodeIgniter->run()
 9 SYSTEMPATH\Boot.php(67): CodeIgniter\Boot::runCodeIgniter(Object(CodeIgniter\CodeIgniter))
10 FCPATH\index.php(56): CodeIgniter\Boot::bootWeb(Object(Config\Paths))
11 SYSTEMPATH\rewrite.php(44): require_once('C:\\xampp\\htdocs\\codeigniter4\\public\\index.php')
CRITICAL - 2024-10-30 04:32:38 --> ErrorException: Uncaught CodeIgniter\Format\Exceptions\FormatException: Failed to parse JSON string. Error: Malformed UTF-8 characters, possibly incorrectly encoded in C:\xampp\htdocs\codeigniter4\system\Format\JSONFormatter.php:45
Stack trace:
#0 C:\xampp\htdocs\codeigniter4\system\Format\JSONFormatter.php(45): CodeIgniter\Format\Exceptions\FormatException::forInvalidJSON('Malformed UTF-8...')
#1 C:\xampp\htdocs\codeigniter4\system\API\ResponseTrait.php(357): CodeIgniter\Format\JSONFormatter->format(Array)
#2 C:\xampp\htdocs\codeigniter4\system\API\ResponseTrait.php(103): CodeIgniter\Debug\ExceptionHandler->format(Array)
#3 C:\xampp\htdocs\codeigniter4\system\Debug\ExceptionHandler.php(83): CodeIgniter\Debug\ExceptionHandler->respond(Array, 500)
#4 C:\xampp\htdocs\codeigniter4\system\Debug\Exceptions.php(164): CodeIgniter\Debug\ExceptionHandler->handle(Object(DomainException), Object(CodeIgniter\HTTP\IncomingRequest), Object(CodeIgniter\HTTP\Response), 500, 1)
#5 [internal function]: CodeIgniter\Debug\Exceptions->exceptionHandler(Object(DomainException))
#6 {main}
  thrown
ã€Previous Exceptionã€‘
DomainException
Unexpected control character found
#0 C:\xampp\htdocs\codeigniter4\vendor\firebase\php-jwt\src\JWT.php(372): Firebase\JWT\JWT::handleJsonError(3)
#1 C:\xampp\htdocs\codeigniter4\vendor\firebase\php-jwt\src\JWT.php(113): Firebase\JWT\JWT::jsonDecode('\x02\xEBa\xA2\xB8\xB3j\xD8\xA8\x9D\xEC\x89\xD1\xE5\xC0...')
#2 C:\xampp\htdocs\codeigniter4\app\Filters\TokenFilter.php(15): Firebase\JWT\JWT::decode('Authorization: ...', 'HipH1PH0oRr4YY')
#3 C:\xampp\htdocs\codeigniter4\system\Filters\Filters.php(205): App\Filters\TokenFilter->before(Object(CodeIgniter\HTTP\IncomingRequest), NULL)
#4 C:\xampp\htdocs\codeigniter4\system\Filters\Filters.php(184): CodeIgniter\Filters\Filters->runBefore(Array)
#5 C:\xampp\htdocs\codeigniter4\system\CodeIgniter.php(481): CodeIgniter\Filters\Filters->run('ajax_datatables', 'before')
#6 C:\xampp\htdocs\codeigniter4\system\CodeIgniter.php(355): CodeIgniter\CodeIgniter->handleRequest(NULL, Object(Config\Cache), false)
#7 C:\xampp\htdocs\codeigniter4\system\Boot.php(325): CodeIgniter\CodeIgniter->run()
#8 C:\xampp\htdocs\codeigniter4\system\Boot.php(67): CodeIgniter\Boot::runCodeIgniter(Object(CodeIgniter\CodeIgniter))
#9 C:\xampp\htdocs\codeigniter4\public\index.php(56): CodeIgniter\Boot::bootWeb(Object(Config\Paths))
#10 C:\xampp\htdocs\codeigniter4\system\rewrite.php(44): require_once('C:\\xampp\\htdocs...')
#11 {main}
[Method: GET, Route: ajax_datatables]
in SYSTEMPATH\Format\JSONFormatter.php on line 45.
 1 [internal function]: CodeIgniter\Debug\Exceptions->shutdownHandler()
INFO - 2024-10-30 04:32:52 --> Session: Class initialized using 'CodeIgniter\Session\Handlers\FileHandler' driver.
INFO - 2024-10-30 04:33:03 --> Session: Class initialized using 'CodeIgniter\Session\Handlers\FileHandler' driver.
CRITICAL - 2024-10-30 04:33:05 --> DomainException: Unexpected control character found
[Method: GET, Route: ajax_datatables]
in VENDORPATH\firebase\php-jwt\src\JWT.php on line 527.
 1 VENDORPATH\firebase\php-jwt\src\JWT.php(372): Firebase\JWT\JWT::handleJsonError(3)
 2 VENDORPATH\firebase\php-jwt\src\JWT.php(113): Firebase\JWT\JWT::jsonDecode('ëa¢¸³jØ¨ì‰ÑåÀˆè‰)]Pˆ°‰…±œˆè‰!LÈÔØ‰')
 3 APPPATH\Filters\TokenFilter.php(14): Firebase\JWT\JWT::decode('Authorization: eyJ0eXAiOiJKV1QiLCJhbGciOiJIUzI1NiJ9.eyJpc3MiOiJJc3N1ZXIgb2YgdGhlIEpXVCIsImF1ZCI6IkF1ZGllbmNlIHRoYXQgdGhlIEpXVCIsInN1YiI6IlN1YmplY3Qgb2YgdGhlIEpXVCIsImlhdCI6MTczMDI2MjU2OCwiZXhwIjoxNzMwNDc4NTY4LCJlbWFpbCI6ImFkbWluQGdtYWlsLmNvbSJ9.kolItCgNsEKrdyVW_kEU2oskEERRm3qoFpvZy59iETc', 'HipH1PH0oRr4YY')
 4 SYSTEMPATH\Filters\Filters.php(205): App\Filters\TokenFilter->before(Object(CodeIgniter\HTTP\IncomingRequest), null)
 5 SYSTEMPATH\Filters\Filters.php(184): CodeIgniter\Filters\Filters->runBefore([...])
 6 SYSTEMPATH\CodeIgniter.php(481): CodeIgniter\Filters\Filters->run('ajax_datatables', 'before')
 7 SYSTEMPATH\CodeIgniter.php(355): CodeIgniter\CodeIgniter->handleRequest(null, Object(Config\Cache), false)
 8 SYSTEMPATH\Boot.php(325): CodeIgniter\CodeIgniter->run()
 9 SYSTEMPATH\Boot.php(67): CodeIgniter\Boot::runCodeIgniter(Object(CodeIgniter\CodeIgniter))
10 FCPATH\index.php(56): CodeIgniter\Boot::bootWeb(Object(Config\Paths))
11 SYSTEMPATH\rewrite.php(44): require_once('C:\\xampp\\htdocs\\codeigniter4\\public\\index.php')
CRITICAL - 2024-10-30 04:33:05 --> ErrorException: Uncaught CodeIgniter\Format\Exceptions\FormatException: Failed to parse JSON string. Error: Malformed UTF-8 characters, possibly incorrectly encoded in C:\xampp\htdocs\codeigniter4\system\Format\JSONFormatter.php:45
Stack trace:
#0 C:\xampp\htdocs\codeigniter4\system\Format\JSONFormatter.php(45): CodeIgniter\Format\Exceptions\FormatException::forInvalidJSON('Malformed UTF-8...')
#1 C:\xampp\htdocs\codeigniter4\system\API\ResponseTrait.php(357): CodeIgniter\Format\JSONFormatter->format(Array)
#2 C:\xampp\htdocs\codeigniter4\system\API\ResponseTrait.php(103): CodeIgniter\Debug\ExceptionHandler->format(Array)
#3 C:\xampp\htdocs\codeigniter4\system\Debug\ExceptionHandler.php(83): CodeIgniter\Debug\ExceptionHandler->respond(Array, 500)
#4 C:\xampp\htdocs\codeigniter4\system\Debug\Exceptions.php(164): CodeIgniter\Debug\ExceptionHandler->handle(Object(DomainException), Object(CodeIgniter\HTTP\IncomingRequest), Object(CodeIgniter\HTTP\Response), 500, 1)
#5 [internal function]: CodeIgniter\Debug\Exceptions->exceptionHandler(Object(DomainException))
#6 {main}
  thrown
ã€Previous Exceptionã€‘
DomainException
Unexpected control character found
#0 C:\xampp\htdocs\codeigniter4\vendor\firebase\php-jwt\src\JWT.php(372): Firebase\JWT\JWT::handleJsonError(3)
#1 C:\xampp\htdocs\codeigniter4\vendor\firebase\php-jwt\src\JWT.php(113): Firebase\JWT\JWT::jsonDecode('\x02\xEBa\xA2\xB8\xB3j\xD8\xA8\x9D\xEC\x89\xD1\xE5\xC0...')
#2 C:\xampp\htdocs\codeigniter4\app\Filters\TokenFilter.php(14): Firebase\JWT\JWT::decode('Authorization: ...', 'HipH1PH0oRr4YY')
#3 C:\xampp\htdocs\codeigniter4\system\Filters\Filters.php(205): App\Filters\TokenFilter->before(Object(CodeIgniter\HTTP\IncomingRequest), NULL)
#4 C:\xampp\htdocs\codeigniter4\system\Filters\Filters.php(184): CodeIgniter\Filters\Filters->runBefore(Array)
#5 C:\xampp\htdocs\codeigniter4\system\CodeIgniter.php(481): CodeIgniter\Filters\Filters->run('ajax_datatables', 'before')
#6 C:\xampp\htdocs\codeigniter4\system\CodeIgniter.php(355): CodeIgniter\CodeIgniter->handleRequest(NULL, Object(Config\Cache), false)
#7 C:\xampp\htdocs\codeigniter4\system\Boot.php(325): CodeIgniter\CodeIgniter->run()
#8 C:\xampp\htdocs\codeigniter4\system\Boot.php(67): CodeIgniter\Boot::runCodeIgniter(Object(CodeIgniter\CodeIgniter))
#9 C:\xampp\htdocs\codeigniter4\public\index.php(56): CodeIgniter\Boot::bootWeb(Object(Config\Paths))
#10 C:\xampp\htdocs\codeigniter4\system\rewrite.php(44): require_once('C:\\xampp\\htdocs...')
#11 {main}
[Method: GET, Route: ajax_datatables]
in SYSTEMPATH\Format\JSONFormatter.php on line 45.
 1 [internal function]: CodeIgniter\Debug\Exceptions->shutdownHandler()
INFO - 2024-10-30 04:34:03 --> Session: Class initialized using 'CodeIgniter\Session\Handlers\FileHandler' driver.
CRITICAL - 2024-10-30 04:34:04 --> DomainException: Unexpected control character found
[Method: GET, Route: ajax_datatables]
in VENDORPATH\firebase\php-jwt\src\JWT.php on line 527.
 1 VENDORPATH\firebase\php-jwt\src\JWT.php(372): Firebase\JWT\JWT::handleJsonError(3)
 2 VENDORPATH\firebase\php-jwt\src\JWT.php(113): Firebase\JWT\JWT::jsonDecode('ëa¢¸³jØ¨ì‰ÑåÀˆè‰)]Pˆ°‰…±œˆè‰!LÈÔØ‰')
 3 APPPATH\Filters\TokenFilter.php(15): Firebase\JWT\JWT::decode('Authorization: eyJ0eXAiOiJKV1QiLCJhbGciOiJIUzI1NiJ9.eyJpc3MiOiJJc3N1ZXIgb2YgdGhlIEpXVCIsImF1ZCI6IkF1ZGllbmNlIHRoYXQgdGhlIEpXVCIsInN1YiI6IlN1YmplY3Qgb2YgdGhlIEpXVCIsImlhdCI6MTczMDI2MjU2OCwiZXhwIjoxNzMwNDc4NTY4LCJlbWFpbCI6ImFkbWluQGdtYWlsLmNvbSJ9.kolItCgNsEKrdyVW_kEU2oskEERRm3qoFpvZy59iETc', Object(Firebase\JWT\Key))
 4 SYSTEMPATH\Filters\Filters.php(205): App\Filters\TokenFilter->before(Object(CodeIgniter\HTTP\IncomingRequest), null)
 5 SYSTEMPATH\Filters\Filters.php(184): CodeIgniter\Filters\Filters->runBefore([...])
 6 SYSTEMPATH\CodeIgniter.php(481): CodeIgniter\Filters\Filters->run('ajax_datatables', 'before')
 7 SYSTEMPATH\CodeIgniter.php(355): CodeIgniter\CodeIgniter->handleRequest(null, Object(Config\Cache), false)
 8 SYSTEMPATH\Boot.php(325): CodeIgniter\CodeIgniter->run()
 9 SYSTEMPATH\Boot.php(67): CodeIgniter\Boot::runCodeIgniter(Object(CodeIgniter\CodeIgniter))
10 FCPATH\index.php(56): CodeIgniter\Boot::bootWeb(Object(Config\Paths))
11 SYSTEMPATH\rewrite.php(44): require_once('C:\\xampp\\htdocs\\codeigniter4\\public\\index.php')
CRITICAL - 2024-10-30 04:34:04 --> ErrorException: Uncaught CodeIgniter\Format\Exceptions\FormatException: Failed to parse JSON string. Error: Malformed UTF-8 characters, possibly incorrectly encoded in C:\xampp\htdocs\codeigniter4\system\Format\JSONFormatter.php:45
Stack trace:
#0 C:\xampp\htdocs\codeigniter4\system\Format\JSONFormatter.php(45): CodeIgniter\Format\Exceptions\FormatException::forInvalidJSON('Malformed UTF-8...')
#1 C:\xampp\htdocs\codeigniter4\system\API\ResponseTrait.php(357): CodeIgniter\Format\JSONFormatter->format(Array)
#2 C:\xampp\htdocs\codeigniter4\system\API\ResponseTrait.php(103): CodeIgniter\Debug\ExceptionHandler->format(Array)
#3 C:\xampp\htdocs\codeigniter4\system\Debug\ExceptionHandler.php(83): CodeIgniter\Debug\ExceptionHandler->respond(Array, 500)
#4 C:\xampp\htdocs\codeigniter4\system\Debug\Exceptions.php(164): CodeIgniter\Debug\ExceptionHandler->handle(Object(DomainException), Object(CodeIgniter\HTTP\IncomingRequest), Object(CodeIgniter\HTTP\Response), 500, 1)
#5 [internal function]: CodeIgniter\Debug\Exceptions->exceptionHandler(Object(DomainException))
#6 {main}
  thrown
ã€Previous Exceptionã€‘
DomainException
Unexpected control character found
#0 C:\xampp\htdocs\codeigniter4\vendor\firebase\php-jwt\src\JWT.php(372): Firebase\JWT\JWT::handleJsonError(3)
#1 C:\xampp\htdocs\codeigniter4\vendor\firebase\php-jwt\src\JWT.php(113): Firebase\JWT\JWT::jsonDecode('\x02\xEBa\xA2\xB8\xB3j\xD8\xA8\x9D\xEC\x89\xD1\xE5\xC0...')
#2 C:\xampp\htdocs\codeigniter4\app\Filters\TokenFilter.php(15): Firebase\JWT\JWT::decode('Authorization: ...', Object(Firebase\JWT\Key))
#3 C:\xampp\htdocs\codeigniter4\system\Filters\Filters.php(205): App\Filters\TokenFilter->before(Object(CodeIgniter\HTTP\IncomingRequest), NULL)
#4 C:\xampp\htdocs\codeigniter4\system\Filters\Filters.php(184): CodeIgniter\Filters\Filters->runBefore(Array)
#5 C:\xampp\htdocs\codeigniter4\system\CodeIgniter.php(481): CodeIgniter\Filters\Filters->run('ajax_datatables', 'before')
#6 C:\xampp\htdocs\codeigniter4\system\CodeIgniter.php(355): CodeIgniter\CodeIgniter->handleRequest(NULL, Object(Config\Cache), false)
#7 C:\xampp\htdocs\codeigniter4\system\Boot.php(325): CodeIgniter\CodeIgniter->run()
#8 C:\xampp\htdocs\codeigniter4\system\Boot.php(67): CodeIgniter\Boot::runCodeIgniter(Object(CodeIgniter\CodeIgniter))
#9 C:\xampp\htdocs\codeigniter4\public\index.php(56): CodeIgniter\Boot::bootWeb(Object(Config\Paths))
#10 C:\xampp\htdocs\codeigniter4\system\rewrite.php(44): require_once('C:\\xampp\\htdocs...')
#11 {main}
[Method: GET, Route: ajax_datatables]
in SYSTEMPATH\Format\JSONFormatter.php on line 45.
 1 [internal function]: CodeIgniter\Debug\Exceptions->shutdownHandler()
INFO - 2024-10-30 04:36:48 --> Session: Class initialized using 'CodeIgniter\Session\Handlers\FileHandler' driver.
INFO - 2024-10-30 04:36:56 --> Session: Class initialized using 'CodeIgniter\Session\Handlers\FileHandler' driver.
INFO - 2024-10-30 04:37:05 --> Session: Class initialized using 'CodeIgniter\Session\Handlers\FileHandler' driver.
INFO - 2024-10-30 04:37:05 --> Session: Class initialized using 'CodeIgniter\Session\Handlers\FileHandler' driver.
INFO - 2024-10-30 04:37:07 --> Session: Class initialized using 'CodeIgniter\Session\Handlers\FileHandler' driver.
INFO - 2024-10-30 04:38:39 --> Session: Class initialized using 'CodeIgniter\Session\Handlers\FileHandler' driver.
INFO - 2024-10-30 04:38:40 --> Session: Class initialized using 'CodeIgniter\Session\Handlers\FileHandler' driver.
INFO - 2024-10-30 04:38:55 --> Session: Class initialized using 'CodeIgniter\Session\Handlers\FileHandler' driver.
INFO - 2024-10-30 04:38:56 --> Session: Class initialized using 'CodeIgniter\Session\Handlers\FileHandler' driver.
CRITICAL - 2024-10-30 04:39:06 --> Error: Call to a member function getValue() on null
[Method: GET, Route: ajax_datatables]
in APPPATH\Filters\TokenFilter.php on line 15.
 1 SYSTEMPATH\Filters\Filters.php(205): App\Filters\TokenFilter->before(Object(CodeIgniter\HTTP\IncomingRequest), null)
 2 SYSTEMPATH\Filters\Filters.php(184): CodeIgniter\Filters\Filters->runBefore([...])
 3 SYSTEMPATH\CodeIgniter.php(481): CodeIgniter\Filters\Filters->run('ajax_datatables', 'before')
 4 SYSTEMPATH\CodeIgniter.php(355): CodeIgniter\CodeIgniter->handleRequest(null, Object(Config\Cache), false)
 5 SYSTEMPATH\Boot.php(325): CodeIgniter\CodeIgniter->run()
 6 SYSTEMPATH\Boot.php(67): CodeIgniter\Boot::runCodeIgniter(Object(CodeIgniter\CodeIgniter))
 7 FCPATH\index.php(56): CodeIgniter\Boot::bootWeb(Object(Config\Paths))
 8 SYSTEMPATH\rewrite.php(44): require_once('C:\\xampp\\htdocs\\codeigniter4\\public\\index.php')
CRITICAL - 2024-10-30 04:40:11 --> Error: Call to a member function getValue() on null
[Method: GET, Route: ajax_datatables]
in APPPATH\Filters\TokenFilter.php on line 16.
 1 SYSTEMPATH\Filters\Filters.php(205): App\Filters\TokenFilter->before(Object(CodeIgniter\HTTP\IncomingRequest), null)
 2 SYSTEMPATH\Filters\Filters.php(184): CodeIgniter\Filters\Filters->runBefore([...])
 3 SYSTEMPATH\CodeIgniter.php(481): CodeIgniter\Filters\Filters->run('ajax_datatables', 'before')
 4 SYSTEMPATH\CodeIgniter.php(355): CodeIgniter\CodeIgniter->handleRequest(null, Object(Config\Cache), false)
 5 SYSTEMPATH\Boot.php(325): CodeIgniter\CodeIgniter->run()
 6 SYSTEMPATH\Boot.php(67): CodeIgniter\Boot::runCodeIgniter(Object(CodeIgniter\CodeIgniter))
 7 FCPATH\index.php(56): CodeIgniter\Boot::bootWeb(Object(Config\Paths))
 8 SYSTEMPATH\rewrite.php(44): require_once('C:\\xampp\\htdocs\\codeigniter4\\public\\index.php')
